{"D:\\nodeBasic\\ExampleInBook\\chapter04\\lib\\fortune.js": {"path":"D:\\nodeBasic\\ExampleInBook\\chapter04\\lib\\fortune.js","statementMap":{"0":{"start":{"line":1,"column":23},"end":{"line":7,"column":4}},"1":{"start":{"line":8,"column":3},"end":{"line":12,"column":4}},"2":{"start":{"line":10,"column":3},"end":{"line":10,"column":50}},"3":{"start":{"line":11,"column":4},"end":{"line":11,"column":30}}},"fnMap":{"0":{"name":"(anonymous_0)","decl":{"start":{"line":8,"column":24},"end":{"line":8,"column":25}},"loc":{"start":{"line":8,"column":30},"end":{"line":12,"column":4}},"line":8}},"branchMap":{},"s":{"0":1,"1":1,"2":1,"3":1},"f":{"0":1},"b":{},"_coverageSchema":"1a1c01bbd47fc00a2c39e90264f33305004495a9","hash":"f62c2a581786d67e61750eaf09ad0fa5c9480a8f"}
,"D:\\nodeBasic\\ExampleInBook\\chapter05\\lib\\handlers.js": {"path":"D:\\nodeBasic\\ExampleInBook\\chapter05\\lib\\handlers.js","statementMap":{"0":{"start":{"line":1,"column":16},"end":{"line":1,"column":54}},"1":{"start":{"line":2,"column":0},"end":{"line":2,"column":47}},"2":{"start":{"line":2,"column":29},"end":{"line":2,"column":47}},"3":{"start":{"line":3,"column":0},"end":{"line":4,"column":55}},"4":{"start":{"line":4,"column":1},"end":{"line":4,"column":55}},"5":{"start":{"line":5,"column":0},"end":{"line":5,"column":50}},"6":{"start":{"line":5,"column":33},"end":{"line":5,"column":50}},"7":{"start":{"line":6,"column":0},"end":{"line":7,"column":17}},"8":{"start":{"line":7,"column":0},"end":{"line":7,"column":17}}},"fnMap":{"0":{"name":"(anonymous_0)","decl":{"start":{"line":2,"column":15},"end":{"line":2,"column":16}},"loc":{"start":{"line":2,"column":29},"end":{"line":2,"column":47}},"line":2},"1":{"name":"(anonymous_1)","decl":{"start":{"line":3,"column":16},"end":{"line":3,"column":17}},"loc":{"start":{"line":4,"column":1},"end":{"line":4,"column":55}},"line":4},"2":{"name":"(anonymous_2)","decl":{"start":{"line":5,"column":19},"end":{"line":5,"column":20}},"loc":{"start":{"line":5,"column":33},"end":{"line":5,"column":50}},"line":5},"3":{"name":"(anonymous_3)","decl":{"start":{"line":6,"column":22},"end":{"line":6,"column":23}},"loc":{"start":{"line":7,"column":0},"end":{"line":7,"column":17}},"line":7}},"branchMap":{},"s":{"0":1,"1":1,"2":1,"3":1,"4":1,"5":1,"6":1,"7":1,"8":1},"f":{"0":1,"1":1,"2":1,"3":1},"b":{},"_coverageSchema":"1a1c01bbd47fc00a2c39e90264f33305004495a9","hash":"626c0458f2b6a885b708f5bb8112d8f3ea07bce1"}
}
